<?xml version="1.0" encoding="UTF-8"?>
<!-- Generated by org.testng.reporters.JUnitXMLReporter -->
<testsuite ignored="1" hostname="DESKTOP-0UN5JO6" failures="0" tests="1" name="Default test" time="92.309" errors="0" timestamp="2024-03-05T19:18:39 IST">
  <testcase classname="com.iciciprunew.qa.testcases.TransactionTest" name="RedeemTrxn" time="77.889"/>
  <testcase classname="com.iciciprunew.qa.testcases.TransactionTest" name="SwichTxn" time="0.0">
    <ignored/>
  </testcase> <!-- SwichTxn -->
</testsuite> <!-- Default test -->
