<?xml version="1.0" encoding="UTF-8"?>
<!-- Generated by org.testng.reporters.JUnitXMLReporter -->
<testsuite ignored="3" hostname="DESKTOP-0UN5JO6" failures="0" tests="1" name="Default test" time="90.442" errors="0" timestamp="2024-03-10T20:23:52 IST">
  <testcase classname="com.iciciprunew.qa.testcases.TransactionTest" name="SwichTxn" time="77.059"/>
  <testcase classname="com.iciciprunew.qa.testcases.TransactionTest" name="SIPTxn" time="0.0">
    <ignored/>
  </testcase> <!-- SIPTxn -->
  <testcase classname="com.iciciprunew.qa.testcases.TransactionTest" name="Purchase" time="0.0">
    <ignored/>
  </testcase> <!-- Purchase -->
  <testcase classname="com.iciciprunew.qa.testcases.TransactionTest" name="RedeemTrxn" time="0.0">
    <ignored/>
  </testcase> <!-- RedeemTrxn -->
</testsuite> <!-- Default test -->
