<?xml version="1.0" encoding="UTF-8"?>
<!-- Generated by org.testng.reporters.JUnitXMLReporter -->
<testsuite ignored="0" hostname="DESKTOP-0UN5JO6" failures="1" tests="1" name="Test" time="33.593" errors="0" timestamp="2024-03-16T16:42:05 IST">
  <testcase classname="com.iciciprunew.qa.testcases.LoginTest" name="Login" time="15.89">
    <failure type="java.lang.AssertionError" message="expected [true] but found [false]">
      <![CDATA[java.lang.AssertionError: expected [true] but found [false]
at com.iciciprunew.qa.testcases.LoginTest.Login(LoginTest.java:120)
at java.base/java.util.ArrayList.forEach(ArrayList.java:1511)
... Removed 31 stack frames]]>
    </failure>
  </testcase> <!-- Login -->
</testsuite> <!-- Test -->
