<?xml version="1.0" encoding="UTF-8"?>
<testng-results ignored="0" total="1" passed="1" failed="0" skipped="0">
  <reporter-output>
  </reporter-output>
  <suite started-at="2024-03-06T23:11:29 IST" name="Default suite" finished-at="2024-03-06T23:13:03 IST" duration-ms="93370">
    <groups>
    </groups>
    <test started-at="2024-03-06T23:11:29 IST" name="Default test" finished-at="2024-03-06T23:13:03 IST" duration-ms="93370">
      <class name="com.iciciprunew.qa.testcases.TransactionTest">
        <test-method is-config="true" signature="setup()[pri:0, instance:com.iciciprunew.qa.testcases.TransactionTest@71d44a3]" started-at="2024-03-06T23:11:29 IST" name="setup" finished-at="2024-03-06T23:11:44 IST" duration-ms="14527" status="PASS">
          <reporter-output>
          </reporter-output>
        </test-method> <!-- setup -->
        <test-method signature="Purchase()[pri:0, instance:com.iciciprunew.qa.testcases.TransactionTest@71d44a3]" started-at="2024-03-06T23:11:44 IST" name="Purchase" finished-at="2024-03-06T23:13:03 IST" duration-ms="78733" status="PASS">
          <reporter-output>
          </reporter-output>
        </test-method> <!-- Purchase -->
        <test-method is-config="true" signature="tearDown()[pri:0, instance:com.iciciprunew.qa.testcases.TransactionTest@71d44a3]" started-at="2024-03-06T23:13:03 IST" name="tearDown" finished-at="2024-03-06T23:13:03 IST" duration-ms="0" status="PASS">
          <reporter-output>
          </reporter-output>
        </test-method> <!-- tearDown -->
      </class> <!-- com.iciciprunew.qa.testcases.TransactionTest -->
    </test> <!-- Default test -->
  </suite> <!-- Default suite -->
</testng-results>
